CRITICAL - 2020-10-09 01:41:57 --> syntax error, unexpected '}', expecting ',' or ';'
#0 C:\xampp\htdocs\ci4app\vendor\codeigniter4\framework\system\Autoloader\Autoloader.php(296): CodeIgniter\Autoloader\Autoloader->requireFile('C:\\xampp\\htdocs...')
#1 C:\xampp\htdocs\ci4app\vendor\codeigniter4\framework\system\Autoloader\Autoloader.php(258): CodeIgniter\Autoloader\Autoloader->loadInNamespace('App\\Controllers...')
#2 [internal function]: CodeIgniter\Autoloader\Autoloader->loadClass('App\\Controllers...')
#3 [internal function]: spl_autoload_call('App\\Controllers...')
#4 C:\xampp\htdocs\ci4app\vendor\codeigniter4\framework\system\CodeIgniter.php(869): class_exists('\\App\\Controller...', true)
#5 C:\xampp\htdocs\ci4app\vendor\codeigniter4\framework\system\CodeIgniter.php(394): CodeIgniter\CodeIgniter->startController()
#6 C:\xampp\htdocs\ci4app\vendor\codeigniter4\framework\system\CodeIgniter.php(312): CodeIgniter\CodeIgniter->handleRequest(NULL, Object(Config\Cache), false)
#7 C:\xampp\htdocs\ci4app\public\index.php(45): CodeIgniter\CodeIgniter->run()
#8 {main}
CRITICAL - 2020-10-09 01:42:11 --> syntax error, unexpected '}', expecting ',' or ';'
#0 C:\xampp\htdocs\ci4app\vendor\codeigniter4\framework\system\Autoloader\Autoloader.php(296): CodeIgniter\Autoloader\Autoloader->requireFile('C:\\xampp\\htdocs...')
#1 C:\xampp\htdocs\ci4app\vendor\codeigniter4\framework\system\Autoloader\Autoloader.php(258): CodeIgniter\Autoloader\Autoloader->loadInNamespace('App\\Controllers...')
#2 [internal function]: CodeIgniter\Autoloader\Autoloader->loadClass('App\\Controllers...')
#3 [internal function]: spl_autoload_call('App\\Controllers...')
#4 C:\xampp\htdocs\ci4app\vendor\codeigniter4\framework\system\CodeIgniter.php(869): class_exists('\\App\\Controller...', true)
#5 C:\xampp\htdocs\ci4app\vendor\codeigniter4\framework\system\CodeIgniter.php(394): CodeIgniter\CodeIgniter->startController()
#6 C:\xampp\htdocs\ci4app\vendor\codeigniter4\framework\system\CodeIgniter.php(312): CodeIgniter\CodeIgniter->handleRequest(NULL, Object(Config\Cache), false)
#7 C:\xampp\htdocs\ci4app\public\index.php(45): CodeIgniter\CodeIgniter->run()
#8 C:\xampp\htdocs\ci4app\vendor\codeigniter4\framework\system\Commands\Server\rewrite.php(34): require_once('C:\\xampp\\htdocs...')
#9 {main}
CRITICAL - 2020-10-09 01:46:59 --> syntax error, unexpected '}', expecting ',' or ';'
#0 C:\xampp\htdocs\ci4app\vendor\codeigniter4\framework\system\Autoloader\Autoloader.php(296): CodeIgniter\Autoloader\Autoloader->requireFile('C:\\xampp\\htdocs...')
#1 C:\xampp\htdocs\ci4app\vendor\codeigniter4\framework\system\Autoloader\Autoloader.php(258): CodeIgniter\Autoloader\Autoloader->loadInNamespace('App\\Controllers...')
#2 [internal function]: CodeIgniter\Autoloader\Autoloader->loadClass('App\\Controllers...')
#3 [internal function]: spl_autoload_call('App\\Controllers...')
#4 C:\xampp\htdocs\ci4app\vendor\codeigniter4\framework\system\CodeIgniter.php(869): class_exists('\\App\\Controller...', true)
#5 C:\xampp\htdocs\ci4app\vendor\codeigniter4\framework\system\CodeIgniter.php(394): CodeIgniter\CodeIgniter->startController()
#6 C:\xampp\htdocs\ci4app\vendor\codeigniter4\framework\system\CodeIgniter.php(312): CodeIgniter\CodeIgniter->handleRequest(NULL, Object(Config\Cache), false)
#7 C:\xampp\htdocs\ci4app\public\index.php(45): CodeIgniter\CodeIgniter->run()
#8 {main}
CRITICAL - 2020-10-09 02:16:42 --> Too few arguments to function App\Controllers\Coba::about(), 0 passed in C:\xampp\htdocs\ci4app\vendor\codeigniter4\framework\system\CodeIgniter.php on line 918 and exactly 1 expected
#0 C:\xampp\htdocs\ci4app\vendor\codeigniter4\framework\system\CodeIgniter.php(918): App\Controllers\Coba->about()
#1 C:\xampp\htdocs\ci4app\vendor\codeigniter4\framework\system\CodeIgniter.php(404): CodeIgniter\CodeIgniter->runController(Object(App\Controllers\Coba))
#2 C:\xampp\htdocs\ci4app\vendor\codeigniter4\framework\system\CodeIgniter.php(312): CodeIgniter\CodeIgniter->handleRequest(NULL, Object(Config\Cache), false)
#3 C:\xampp\htdocs\ci4app\public\index.php(45): CodeIgniter\CodeIgniter->run()
#4 C:\xampp\htdocs\ci4app\vendor\codeigniter4\framework\system\Commands\Server\rewrite.php(34): require_once('C:\\xampp\\htdocs...')
#5 {main}
CRITICAL - 2020-10-09 02:33:22 --> Undefined variable: umur
#0 C:\xampp\htdocs\ci4app\app\Controllers\Coba.php(14): CodeIgniter\Debug\Exceptions->errorHandler(8, 'Undefined varia...', 'C:\\xampp\\htdocs...', 14, Array)
#1 C:\xampp\htdocs\ci4app\vendor\codeigniter4\framework\system\CodeIgniter.php(918): App\Controllers\Coba->about()
#2 C:\xampp\htdocs\ci4app\vendor\codeigniter4\framework\system\CodeIgniter.php(404): CodeIgniter\CodeIgniter->runController(Object(App\Controllers\Coba))
#3 C:\xampp\htdocs\ci4app\vendor\codeigniter4\framework\system\CodeIgniter.php(312): CodeIgniter\CodeIgniter->handleRequest(NULL, Object(Config\Cache), false)
#4 C:\xampp\htdocs\ci4app\public\index.php(45): CodeIgniter\CodeIgniter->run()
#5 C:\xampp\htdocs\ci4app\vendor\codeigniter4\framework\system\Commands\Server\rewrite.php(34): require_once('C:\\xampp\\htdocs...')
#6 {main}
CRITICAL - 2020-10-09 09:20:46 --> Call to undefined method CodeIgniter\View\View::extends()
#0 C:\xampp\htdocs\ci4app\vendor\codeigniter4\framework\system\View\View.php(246): include()
#1 C:\xampp\htdocs\ci4app\vendor\codeigniter4\framework\system\Common.php(1119): CodeIgniter\View\View->render('pages/contact', Array, true)
#2 C:\xampp\htdocs\ci4app\app\Controllers\Pages.php(30): view('pages/contact', Array)
#3 C:\xampp\htdocs\ci4app\vendor\codeigniter4\framework\system\CodeIgniter.php(918): App\Controllers\Pages->contact()
#4 C:\xampp\htdocs\ci4app\vendor\codeigniter4\framework\system\CodeIgniter.php(404): CodeIgniter\CodeIgniter->runController(Object(App\Controllers\Pages))
#5 C:\xampp\htdocs\ci4app\vendor\codeigniter4\framework\system\CodeIgniter.php(312): CodeIgniter\CodeIgniter->handleRequest(NULL, Object(Config\Cache), false)
#6 C:\xampp\htdocs\ci4app\public\index.php(45): CodeIgniter\CodeIgniter->run()
#7 C:\xampp\htdocs\ci4app\vendor\codeigniter4\framework\system\Commands\Server\rewrite.php(34): require_once('C:\\xampp\\htdocs...')
#8 {main}
